<?xml version="1.0" encoding="UTF-8"?>
<!-- Generated by org.testng.reporters.JUnitXMLReporter -->
<testsuite ignored="2" hostname="DESKTOP-DDTAJ8U" failures="0" tests="1" name="Default test" time="11.811" errors="0" timestamp="2024-11-17T07:29:41 EET">
  <testcase classname="MyTestCases" name="ClickOnEvenNumbers" time="11.775"/>
  <testcase classname="MyTestCases" name="ClickOnTwoRandomNumbers" time="0.0">
    <ignored/>
  </testcase> <!-- ClickOnTwoRandomNumbers -->
  <testcase classname="MyTestCases" name="AddTwoNumber" time="0.0">
    <ignored/>
  </testcase> <!-- AddTwoNumber -->
</testsuite> <!-- Default test -->
