<?xml version="1.0" encoding="UTF-8"?>
<!-- Generated by org.testng.reporters.JUnitXMLReporter -->
<testsuite ignored="3" hostname="DESKTOP-DDTAJ8U" failures="0" tests="1" name="Default test" time="13.982" errors="0" timestamp="2024-11-26T16:02:09 EET">
  <testcase classname="MyTestCases" name="PriorityTest" time="13.951"/>
  <testcase classname="MyTestCases" name="ClickOnEvenNumbers" time="0.0">
    <ignored/>
  </testcase> <!-- ClickOnEvenNumbers -->
  <testcase classname="MyTestCases" name="ClickOnTwoRandomNumbers" time="0.0">
    <ignored/>
  </testcase> <!-- ClickOnTwoRandomNumbers -->
  <testcase classname="MyTestCases" name="AddTwoNumber" time="0.0">
    <ignored/>
  </testcase> <!-- AddTwoNumber -->
</testsuite> <!-- Default test -->
