<?xml version="1.0" encoding="UTF-8"?>
<testng-results ignored="1" total="2" passed="1" failed="0" skipped="0">
  <reporter-output>
  </reporter-output>
  <suite started-at="2024-11-16T00:48:34 EET" name="Default suite" finished-at="2024-11-16T00:48:58 EET" duration-ms="24273">
    <groups>
    </groups>
    <test started-at="2024-11-16T00:48:34 EET" name="Default test" finished-at="2024-11-16T00:48:58 EET" duration-ms="24273">
      <class name="MyTestCases">
        <test-method is-config="true" signature="mySetup()[pri:0, instance:MyTestCases@35cabb2a]" started-at="2024-11-16T00:48:34 EET" name="mySetup" finished-at="2024-11-16T00:48:34 EET" duration-ms="9" status="PASS">
          <reporter-output>
          </reporter-output>
        </test-method> <!-- mySetup -->
        <test-method signature="ClickOnTwoRandomNumbers()[pri:0, instance:MyTestCases@35cabb2a]" started-at="2024-11-16T00:48:34 EET" name="ClickOnTwoRandomNumbers" finished-at="2024-11-16T00:48:58 EET" duration-ms="24241" status="PASS">
          <reporter-output>
          </reporter-output>
        </test-method> <!-- ClickOnTwoRandomNumbers -->
      </class> <!-- MyTestCases -->
    </test> <!-- Default test -->
  </suite> <!-- Default suite -->
</testng-results>
