<?xml version="1.0" encoding="UTF-8"?>
<testng-results ignored="0" total="1" passed="1" failed="0" skipped="0">
  <reporter-output>
  </reporter-output>
  <suite started-at="2024-11-15T23:56:06 EET" name="Default suite" finished-at="2024-11-15T23:56:14 EET" duration-ms="7963">
    <groups>
    </groups>
    <test started-at="2024-11-15T23:56:06 EET" name="Default test" finished-at="2024-11-15T23:56:14 EET" duration-ms="7963">
      <class name="MyTestCases">
        <test-method is-config="true" signature="mySetup()[pri:0, instance:MyTestCases@3a93b025]" started-at="2024-11-15T23:56:06 EET" name="mySetup" finished-at="2024-11-15T23:56:06 EET" duration-ms="13" status="PASS">
          <reporter-output>
          </reporter-output>
        </test-method> <!-- mySetup -->
        <test-method signature="MyFirstTest()[pri:0, instance:MyTestCases@3a93b025]" started-at="2024-11-15T23:56:06 EET" name="MyFirstTest" finished-at="2024-11-15T23:56:14 EET" duration-ms="7923" status="PASS">
          <reporter-output>
          </reporter-output>
        </test-method> <!-- MyFirstTest -->
      </class> <!-- MyTestCases -->
    </test> <!-- Default test -->
  </suite> <!-- Default suite -->
</testng-results>
